# JRE version: OpenJDK Runtime Environment Temurin-21.0.8+9 (21.0.8+9) (build 21.0.8+9-LTS)
# Java VM: OpenJDK 64-Bit Server VM Temurin-21.0.8+9 (21.0.8+9-LTS, mixed mode, sharing, tiered, compressed oops, compressed class ptrs, parallel gc, windows-amd64)
GC Precious Log:
 CardTable entry size: 512
 CPUs: 12 total, 12 available
 Memory: 16027M
 Large Page Support: Disabled
 NUMA Support: Disabled
 Compressed Oops: Enabled (32-bit)
 Alignments: Space 512K, Generation 512K, Heap 2M
 Heap Min Capacity: 100M
 Heap Initial Capacity: 100M
 Heap Max Capacity: 2G
 Pre-touch: Disabled
 Parallel Workers: 10
Heap:
 PSYoungGen      total 4096K, used 2008K [0x00000000d5580000, 0x00000000d5a80000, 0x0000000100000000)
  eden space 3072K, 47% used [0x00000000d5580000,0x00000000d56ee020,0x00000000d5880000)
  from space 1024K, 53% used [0x00000000d5880000,0x00000000d5908000,0x00000000d5980000)
  to   space 1024K, 0% used [0x00000000d5980000,0x00000000d5980000,0x00000000d5a80000)
 ParOldGen       total 721408K, used 721239K [0x0000000080000000, 0x00000000ac080000, 0x00000000d5580000)
  object space 721408K, 99% used [0x0000000080000000,0x00000000ac055c88,0x00000000ac080000)
 Metaspace       used 75114K, committed 76800K, reserved 1179648K
  class space    used 8413K, committed 9088K, reserved 1048576K
GC Heap History (20 events):
Event: 40.438 GC heap after
{Heap after GC invocations=1001 (full 3):
 PSYoungGen      total 4096K, used 608K [0x00000000d5580000, 0x00000000d5a80000, 0x0000000100000000)
  eden space 3072K, 0% used [0x00000000d5580000,0x00000000d5580000,0x00000000d5880000)
  from space 1024K, 59% used [0x00000000d5980000,0x00000000d5a18000,0x00000000d5a80000)
  to   space 1024K, 0% used [0x00000000d5880000,0x00000000d5880000,0x00000000d5980000)
 ParOldGen       total 715264K, used 715263K [0x0000000080000000, 0x00000000aba80000, 0x00000000d5580000)
  object space 715264K, 99% used [0x0000000080000000,0x00000000aba7fe18,0x00000000aba80000)
 Metaspace       used 75109K, committed 76736K, reserved 1179648K
  class space    used 8413K, committed 9088K, reserved 1048576K
}
Event: 40.458 GC heap before
{Heap before GC invocations=1002 (full 3):
 PSYoungGen      total 4096K, used 3680K [0x00000000d5580000, 0x00000000d5a80000, 0x0000000100000000)
  eden space 3072K, 100% used [0x00000000d5580000,0x00000000d5880000,0x00000000d5880000)
  from space 1024K, 59% used [0x00000000d5980000,0x00000000d5a18000,0x00000000d5a80000)
  to   space 1024K, 0% used [0x00000000d5880000,0x00000000d5880000,0x00000000d5980000)
 ParOldGen       total 715264K, used 715263K [0x0000000080000000, 0x00000000aba80000, 0x00000000d5580000)
  object space 715264K, 99% used [0x0000000080000000,0x00000000aba7fe18,0x00000000aba80000)
 Metaspace       used 75113K, committed 76800K, reserved 1179648K
  class space    used 8413K, committed 9088K, reserved 1048576K
}
Event: 40.460 GC heap after
{Heap after GC invocations=1002 (full 3):
 PSYoungGen      total 4096K, used 320K [0x00000000d5580000, 0x00000000d5a00000, 0x0000000100000000)
  eden space 3072K, 0% used [0x00000000d5580000,0x00000000d5580000,0x00000000d5880000)
  from space 1024K, 31% used [0x00000000d5880000,0x00000000d58d0000,0x00000000d5980000)
  to   space 512K, 0% used [0x00000000d5980000,0x00000000d5980000,0x00000000d5a00000)
 ParOldGen       total 715776K, used 715647K [0x0000000080000000, 0x00000000abb00000, 0x00000000d5580000)
  object space 715776K, 99% used [0x0000000080000000,0x00000000abadfe18,0x00000000abb00000)
 Metaspace       used 75113K, committed 76800K, reserved 1179648K
  class space    used 8413K, committed 9088K, reserved 1048576K
}
Event: 40.468 GC heap before
{Heap before GC invocations=1003 (full 3):
 PSYoungGen      total 4096K, used 3392K [0x00000000d5580000, 0x00000000d5a00000, 0x0000000100000000)
  eden space 3072K, 100% used [0x00000000d5580000,0x00000000d5880000,0x00000000d5880000)
  from space 1024K, 31% used [0x00000000d5880000,0x00000000d58d0000,0x00000000d5980000)
  to   space 512K, 0% used [0x00000000d5980000,0x00000000d5980000,0x00000000d5a00000)
 ParOldGen       total 715776K, used 715647K [0x0000000080000000, 0x00000000abb00000, 0x00000000d5580000)
  object space 715776K, 99% used [0x0000000080000000,0x00000000abadfe18,0x00000000abb00000)
 Metaspace       used 75113K, committed 76800K, reserved 1179648K
  class space    used 8413K, committed 9088K, reserved 1048576K
}
Event: 40.471 GC heap after
{Heap after GC invocations=1003 (full 3):
 PSYoungGen      total 3584K, used 416K [0x00000000d5580000, 0x00000000d5a00000, 0x0000000100000000)
  eden space 3072K, 0% used [0x00000000d5580000,0x00000000d5580000,0x00000000d5880000)
  from space 512K, 81% used [0x00000000d5980000,0x00000000d59e8000,0x00000000d5a00000)
  to   space 512K, 0% used [0x00000000d5900000,0x00000000d5900000,0x00000000d5980000)
 ParOldGen       total 716288K, used 715925K [0x0000000080000000, 0x00000000abb80000, 0x00000000d5580000)
  object space 716288K, 99% used [0x0000000080000000,0x00000000abb254d0,0x00000000abb80000)
 Metaspace       used 75113K, committed 76800K, reserved 1179648K
  class space    used 8413K, committed 9088K, reserved 1048576K
}
Event: 40.479 GC heap before
{Heap before GC invocations=1004 (full 3):
 PSYoungGen      total 3584K, used 3488K [0x00000000d5580000, 0x00000000d5a00000, 0x0000000100000000)
  eden space 3072K, 100% used [0x00000000d5580000,0x00000000d5880000,0x00000000d5880000)
  from space 512K, 81% used [0x00000000d5980000,0x00000000d59e8000,0x00000000d5a00000)
  to   space 512K, 0% used [0x00000000d5900000,0x00000000d5900000,0x00000000d5980000)
 ParOldGen       total 716288K, used 715925K [0x0000000080000000, 0x00000000abb80000, 0x00000000d5580000)
  object space 716288K, 99% used [0x0000000080000000,0x00000000abb254d0,0x00000000abb80000)
 Metaspace       used 75114K, committed 76800K, reserved 1179648K
  class space    used 8413K, committed 9088K, reserved 1048576K
}
Event: 40.481 GC heap after
{Heap after GC invocations=1004 (full 3):
 PSYoungGen      total 3584K, used 379K [0x00000000d5580000, 0x00000000d5a00000, 0x0000000100000000)
  eden space 3072K, 0% used [0x00000000d5580000,0x00000000d5580000,0x00000000d5880000)
  from space 512K, 74% used [0x00000000d5900000,0x00000000d595ec08,0x00000000d5980000)
  to   space 512K, 0% used [0x00000000d5980000,0x00000000d5980000,0x00000000d5a00000)
 ParOldGen       total 716288K, used 716245K [0x0000000080000000, 0x00000000abb80000, 0x00000000d5580000)
  object space 716288K, 99% used [0x0000000080000000,0x00000000abb754d0,0x00000000abb80000)
 Metaspace       used 75114K, committed 76800K, reserved 1179648K
  class space    used 8413K, committed 9088K, reserved 1048576K
}
Event: 40.519 GC heap before
{Heap before GC invocations=1005 (full 3):
 PSYoungGen      total 3584K, used 3451K [0x00000000d5580000, 0x00000000d5a00000, 0x0000000100000000)
  eden space 3072K, 100% used [0x00000000d5580000,0x00000000d5880000,0x00000000d5880000)
  from space 512K, 74% used [0x00000000d5900000,0x00000000d595ec08,0x00000000d5980000)
  to   space 512K, 0% used [0x00000000d5980000,0x00000000d5980000,0x00000000d5a00000)
 ParOldGen       total 716288K, used 716245K [0x0000000080000000, 0x00000000abb80000, 0x00000000d5580000)
  object space 716288K, 99% used [0x0000000080000000,0x00000000abb754d0,0x00000000abb80000)
 Metaspace       used 75114K, committed 76800K, reserved 1179648K
  class space    used 8413K, committed 9088K, reserved 1048576K
}
Event: 40.521 GC heap after
{Heap after GC invocations=1005 (full 3):
 PSYoungGen      total 3584K, used 511K [0x00000000d5580000, 0x00000000d5a80000, 0x0000000100000000)
  eden space 3072K, 0% used [0x00000000d5580000,0x00000000d5580000,0x00000000d5880000)
  from space 512K, 99% used [0x00000000d5980000,0x00000000d59ffcc8,0x00000000d5a00000)
  to   space 1024K, 0% used [0x00000000d5880000,0x00000000d5880000,0x00000000d5980000)
 ParOldGen       total 716800K, used 716568K [0x0000000080000000, 0x00000000abc00000, 0x00000000d5580000)
  object space 716800K, 99% used [0x0000000080000000,0x00000000abbc60d8,0x00000000abc00000)
 Metaspace       used 75114K, committed 76800K, reserved 1179648K
  class space    used 8413K, committed 9088K, reserved 1048576K
}
Event: 40.531 GC heap before
{Heap before GC invocations=1006 (full 3):
 PSYoungGen      total 3584K, used 3583K [0x00000000d5580000, 0x00000000d5a80000, 0x0000000100000000)
  eden space 3072K, 100% used [0x00000000d5580000,0x00000000d5880000,0x00000000d5880000)
  from space 512K, 99% used [0x00000000d5980000,0x00000000d59ffcc8,0x00000000d5a00000)
  to   space 1024K, 0% used [0x00000000d5880000,0x00000000d5880000,0x00000000d5980000)
 ParOldGen       total 716800K, used 716568K [0x0000000080000000, 0x00000000abc00000, 0x00000000d5580000)
  object space 716800K, 99% used [0x0000000080000000,0x00000000abbc60d8,0x00000000abc00000)
 Metaspace       used 75114K, committed 76800K, reserved 1179648K
  class space    used 8413K, committed 9088K, reserved 1048576K
}
Event: 40.534 GC heap after
{Heap after GC invocations=1006 (full 3):
 PSYoungGen      total 4096K, used 544K [0x00000000d5580000, 0x00000000d5a80000, 0x0000000100000000)
  eden space 3072K, 0% used [0x00000000d5580000,0x00000000d5580000,0x00000000d5880000)
  from space 1024K, 53% used [0x00000000d5880000,0x00000000d5908000,0x00000000d5980000)
  to   space 1024K, 0% used [0x00000000d5980000,0x00000000d5980000,0x00000000d5a80000)
 ParOldGen       total 717312K, used 717019K [0x0000000080000000, 0x00000000abc80000, 0x00000000d5580000)
  object space 717312K, 99% used [0x0000000080000000,0x00000000abc36e50,0x00000000abc80000)
 Metaspace       used 75114K, committed 76800K, reserved 1179648K
  class space    used 8413K, committed 9088K, reserved 1048576K
}
Event: 40.544 GC heap before
{Heap before GC invocations=1007 (full 3):
 PSYoungGen      total 4096K, used 3616K [0x00000000d5580000, 0x00000000d5a80000, 0x0000000100000000)
  eden space 3072K, 100% used [0x00000000d5580000,0x00000000d5880000,0x00000000d5880000)
  from space 1024K, 53% used [0x00000000d5880000,0x00000000d5908000,0x00000000d5980000)
  to   space 1024K, 0% used [0x00000000d5980000,0x00000000d5980000,0x00000000d5a80000)
 ParOldGen       total 717312K, used 717019K [0x0000000080000000, 0x00000000abc80000, 0x00000000d5580000)
  object space 717312K, 99% used [0x0000000080000000,0x00000000abc36e50,0x00000000abc80000)
 Metaspace       used 75114K, committed 76800K, reserved 1179648K
  class space    used 8413K, committed 9088K, reserved 1048576K
}
Event: 40.546 GC heap after
{Heap after GC invocations=1007 (full 3):
 PSYoungGen      total 4096K, used 635K [0x00000000d5580000, 0x00000000d5a80000, 0x0000000100000000)
  eden space 3072K, 0% used [0x00000000d5580000,0x00000000d5580000,0x00000000d5880000)
  from space 1024K, 62% used [0x00000000d5980000,0x00000000d5a1ec08,0x00000000d5a80000)
  to   space 1024K, 0% used [0x00000000d5880000,0x00000000d5880000,0x00000000d5980000)
 ParOldGen       total 717824K, used 717483K [0x0000000080000000, 0x00000000abd00000, 0x00000000d5580000)
  object space 717824K, 99% used [0x0000000080000000,0x00000000abcaae50,0x00000000abd00000)
 Metaspace       used 75114K, committed 76800K, reserved 1179648K
  class space    used 8413K, committed 9088K, reserved 1048576K
}
Event: 40.554 GC heap before
{Heap before GC invocations=1008 (full 3):
 PSYoungGen      total 4096K, used 3707K [0x00000000d5580000, 0x00000000d5a80000, 0x0000000100000000)
  eden space 3072K, 100% used [0x00000000d5580000,0x00000000d5880000,0x00000000d5880000)
  from space 1024K, 62% used [0x00000000d5980000,0x00000000d5a1ec08,0x00000000d5a80000)
  to   space 1024K, 0% used [0x00000000d5880000,0x00000000d5880000,0x00000000d5980000)
 ParOldGen       total 717824K, used 717483K [0x0000000080000000, 0x00000000abd00000, 0x00000000d5580000)
  object space 717824K, 99% used [0x0000000080000000,0x00000000abcaae50,0x00000000abd00000)
 Metaspace       used 75114K, committed 76800K, reserved 1179648K
  class space    used 8413K, committed 9088K, reserved 1048576K
}
Event: 40.556 GC heap after
{Heap after GC invocations=1008 (full 3):
 PSYoungGen      total 4096K, used 480K [0x00000000d5580000, 0x00000000d5a80000, 0x0000000100000000)
  eden space 3072K, 0% used [0x00000000d5580000,0x00000000d5580000,0x00000000d5880000)
  from space 1024K, 46% used [0x00000000d5880000,0x00000000d58f8000,0x00000000d5980000)
  to   space 1024K, 0% used [0x00000000d5980000,0x00000000d5980000,0x00000000d5a80000)
 ParOldGen       total 718336K, used 717942K [0x0000000080000000, 0x00000000abd80000, 0x00000000d5580000)
  object space 718336K, 99% used [0x0000000080000000,0x00000000abd1da58,0x00000000abd80000)
 Metaspace       used 75114K, committed 76800K, reserved 1179648K
  class space    used 8413K, committed 9088K, reserved 1048576K
}
Event: 40.564 GC heap before
{Heap before GC invocations=1009 (full 3):
 PSYoungGen      total 4096K, used 3548K [0x00000000d5580000, 0x00000000d5a80000, 0x0000000100000000)
  eden space 3072K, 99% used [0x00000000d5580000,0x00000000d587f068,0x00000000d5880000)
  from space 1024K, 46% used [0x00000000d5880000,0x00000000d58f8000,0x00000000d5980000)
  to   space 1024K, 0% used [0x00000000d5980000,0x00000000d5980000,0x00000000d5a80000)
 ParOldGen       total 718336K, used 717942K [0x0000000080000000, 0x00000000abd80000, 0x00000000d5580000)
  object space 718336K, 99% used [0x0000000080000000,0x00000000abd1da58,0x00000000abd80000)
 Metaspace       used 75114K, committed 76800K, reserved 1179648K
  class space    used 8413K, committed 9088K, reserved 1048576K
}
Event: 40.566 GC heap after
{Heap after GC invocations=1009 (full 3):
 PSYoungGen      total 4096K, used 614K [0x00000000d5580000, 0x00000000d5a80000, 0x0000000100000000)
  eden space 3072K, 0% used [0x00000000d5580000,0x00000000d5580000,0x00000000d5880000)
  from space 1024K, 59% used [0x00000000d5980000,0x00000000d5a19858,0x00000000d5a80000)
  to   space 1024K, 0% used [0x00000000d5880000,0x00000000d5880000,0x00000000d5980000)
 ParOldGen       total 718336K, used 718310K [0x0000000080000000, 0x00000000abd80000, 0x00000000d5580000)
  object space 718336K, 99% used [0x0000000080000000,0x00000000abd79a58,0x00000000abd80000)
 Metaspace       used 75114K, committed 76800K, reserved 1179648K
  class space    used 8413K, committed 9088K, reserved 1048576K
}
Event: 40.576 GC heap before
{Heap before GC invocations=1010 (full 3):
 PSYoungGen      total 4096K, used 3686K [0x00000000d5580000, 0x00000000d5a80000, 0x0000000100000000)
  eden space 3072K, 100% used [0x00000000d5580000,0x00000000d5880000,0x00000000d5880000)
  from space 1024K, 59% used [0x00000000d5980000,0x00000000d5a19858,0x00000000d5a80000)
  to   space 1024K, 0% used [0x00000000d5880000,0x00000000d5880000,0x00000000d5980000)
 ParOldGen       total 718336K, used 718310K [0x0000000080000000, 0x00000000abd80000, 0x00000000d5580000)
  object space 718336K, 99% used [0x0000000080000000,0x00000000abd79a58,0x00000000abd80000)
 Metaspace       used 75114K, committed 76800K, reserved 1179648K
  class space    used 8413K, committed 9088K, reserved 1048576K
}
Event: 40.580 GC heap after
{Heap after GC invocations=1010 (full 3):
 PSYoungGen      total 4096K, used 736K [0x00000000d5580000, 0x00000000d5a80000, 0x0000000100000000)
  eden space 3072K, 0% used [0x00000000d5580000,0x00000000d5580000,0x00000000d5880000)
  from space 1024K, 71% used [0x00000000d5880000,0x00000000d5938000,0x00000000d5980000)
  to   space 1024K, 0% used [0x00000000d5980000,0x00000000d5980000,0x00000000d5a80000)
 ParOldGen       total 718848K, used 718700K [0x0000000080000000, 0x00000000abe00000, 0x00000000d5580000)
  object space 718848K, 99% used [0x0000000080000000,0x00000000abddb260,0x00000000abe00000)
 Metaspace       used 75114K, committed 76800K, reserved 1179648K
  class space    used 8413K, committed 9088K, reserved 1048576K
}
Event: 40.590 GC heap before
{Heap before GC invocations=1011 (full 3):
 PSYoungGen      total 4096K, used 3808K [0x00000000d5580000, 0x00000000d5a80000, 0x0000000100000000)
  eden space 3072K, 100% used [0x00000000d5580000,0x00000000d5880000,0x00000000d5880000)
  from space 1024K, 71% used [0x00000000d5880000,0x00000000d5938000,0x00000000d5980000)
  to   space 1024K, 0% used [0x00000000d5980000,0x00000000d5980000,0x00000000d5a80000)
 ParOldGen       total 718848K, used 718700K [0x0000000080000000, 0x00000000abe00000, 0x00000000d5580000)
  object space 718848K, 99% used [0x0000000080000000,0x00000000abddb260,0x00000000abe00000)
 Metaspace       used 75114K, committed 76800K, reserved 1179648K
  class space    used 8413K, committed 9088K, reserved 1048576K
}

