# JRE version: Java(TM) SE Runtime Environment (21.0.8+12) (build 21.0.8+12-LTS-250)
# Java VM: Java HotSpot(TM) 64-Bit Server VM (21.0.8+12-LTS-250, mixed mode, sharing, tiered, compressed oops, compressed class ptrs, g1 gc, windows-amd64)
GC Precious Log:
 CardTable entry size: 512
 Card Set container configuration: InlinePtr #cards 4 size 8 Array Of Cards #cards 16 size 48 Howl #buckets 8 coarsen threshold 3686 Howl Bitmap #cards 512 size 80 coarsen threshold 460 Card regions per heap region 1 cards per card region 4096
 CPUs: 12 total, 12 available
 Memory: 16027M
 Large Page Support: Disabled
 NUMA Support: Disabled
 Compressed Oops: Enabled (Zero based)
 Heap Region Size: 2M
 Heap Min Capacity: 8M
 Heap Initial Capacity: 252M
 Heap Max Capacity: 4G
 Pre-touch: Disabled
 Parallel Workers: 10
 Concurrent Workers: 3
 Concurrent Refinement Workers: 10
 Periodic GC: Disabled
Heap:
 garbage-first heap   total 419840K, used 306055K [0x0000000700000000, 0x0000000800000000)
  region size 2048K, 52 young (106496K), 7 survivors (14336K)
 Metaspace       used 106377K, committed 111488K, reserved 1179648K
  class space    used 14563K, committed 16512K, reserved 1048576K
GC Heap History (20 events):
Event: 24.219 GC heap before
{Heap before GC invocations=28 (full 0):
 garbage-first heap   total 223232K, used 194955K [0x0000000700000000, 0x0000000800000000)
  region size 2048K, 33 young (67584K), 5 survivors (10240K)
 Metaspace       used 93832K, committed 96384K, reserved 1179648K
  class space    used 13198K, committed 14464K, reserved 1048576K
}
Event: 24.224 GC heap after
{Heap after GC invocations=29 (full 0):
 garbage-first heap   total 223232K, used 146688K [0x0000000700000000, 0x0000000800000000)
  region size 2048K, 4 young (8192K), 4 survivors (8192K)
 Metaspace       used 93832K, committed 96384K, reserved 1179648K
  class space    used 13198K, committed 14464K, reserved 1048576K
}
Event: 24.820 GC heap before
{Heap before GC invocations=30 (full 0):
 garbage-first heap   total 260096K, used 197888K [0x0000000700000000, 0x0000000800000000)
  region size 2048K, 29 young (59392K), 4 survivors (8192K)
 Metaspace       used 94319K, committed 96896K, reserved 1179648K
  class space    used 13259K, committed 14528K, reserved 1048576K
}
Event: 24.827 GC heap after
{Heap after GC invocations=31 (full 0):
 garbage-first heap   total 260096K, used 155284K [0x0000000700000000, 0x0000000800000000)
  region size 2048K, 4 young (8192K), 4 survivors (8192K)
 Metaspace       used 94319K, committed 96896K, reserved 1179648K
  class space    used 13259K, committed 14528K, reserved 1048576K
}
Event: 25.777 GC heap before
{Heap before GC invocations=31 (full 0):
 garbage-first heap   total 260096K, used 224916K [0x0000000700000000, 0x0000000800000000)
  region size 2048K, 39 young (79872K), 4 survivors (8192K)
 Metaspace       used 97109K, committed 99840K, reserved 1179648K
  class space    used 13658K, committed 14976K, reserved 1048576K
}
Event: 25.783 GC heap after
{Heap after GC invocations=32 (full 0):
 garbage-first heap   total 260096K, used 162542K [0x0000000700000000, 0x0000000800000000)
  region size 2048K, 4 young (8192K), 4 survivors (8192K)
 Metaspace       used 97109K, committed 99840K, reserved 1179648K
  class space    used 13658K, committed 14976K, reserved 1048576K
}
Event: 26.474 GC heap before
{Heap before GC invocations=32 (full 0):
 garbage-first heap   total 260096K, used 230126K [0x0000000700000000, 0x0000000800000000)
  region size 2048K, 37 young (75776K), 4 survivors (8192K)
 Metaspace       used 99879K, committed 102592K, reserved 1179648K
  class space    used 14050K, committed 15360K, reserved 1048576K
}
Event: 26.483 GC heap after
{Heap after GC invocations=33 (full 0):
 garbage-first heap   total 260096K, used 166650K [0x0000000700000000, 0x0000000800000000)
  region size 2048K, 3 young (6144K), 3 survivors (6144K)
 Metaspace       used 99879K, committed 102592K, reserved 1179648K
  class space    used 14050K, committed 15360K, reserved 1048576K
}
Event: 27.288 GC heap before
{Heap before GC invocations=34 (full 0):
 garbage-first heap   total 296960K, used 234234K [0x0000000700000000, 0x0000000800000000)
  region size 2048K, 36 young (73728K), 3 survivors (6144K)
 Metaspace       used 104025K, committed 106624K, reserved 1179648K
  class space    used 14583K, committed 15872K, reserved 1048576K
}
Event: 27.292 GC heap after
{Heap after GC invocations=35 (full 0):
 garbage-first heap   total 296960K, used 170325K [0x0000000700000000, 0x0000000800000000)
  region size 2048K, 4 young (8192K), 4 survivors (8192K)
 Metaspace       used 104025K, committed 106624K, reserved 1179648K
  class space    used 14583K, committed 15872K, reserved 1048576K
}
Event: 28.138 GC heap before
{Heap before GC invocations=35 (full 0):
 garbage-first heap   total 296960K, used 264533K [0x0000000700000000, 0x0000000800000000)
  region size 2048K, 50 young (102400K), 4 survivors (8192K)
 Metaspace       used 104755K, committed 107520K, reserved 1179648K
  class space    used 14663K, committed 16000K, reserved 1048576K
}
Event: 28.146 GC heap after
{Heap after GC invocations=36 (full 0):
 garbage-first heap   total 296960K, used 184659K [0x0000000700000000, 0x0000000800000000)
  region size 2048K, 7 young (14336K), 7 survivors (14336K)
 Metaspace       used 104755K, committed 107520K, reserved 1179648K
  class space    used 14663K, committed 16000K, reserved 1048576K
}
Event: 60.410 GC heap before
{Heap before GC invocations=36 (full 0):
 garbage-first heap   total 296960K, used 264531K [0x0000000700000000, 0x0000000800000000)
  region size 2048K, 46 young (94208K), 7 survivors (14336K)
 Metaspace       used 105190K, committed 107904K, reserved 1179648K
  class space    used 14712K, committed 16000K, reserved 1048576K
}
Event: 60.421 GC heap after
{Heap after GC invocations=37 (full 0):
 garbage-first heap   total 356352K, used 192335K [0x0000000700000000, 0x0000000800000000)
  region size 2048K, 3 young (6144K), 3 survivors (6144K)
 Metaspace       used 105190K, committed 107904K, reserved 1179648K
  class space    used 14712K, committed 16000K, reserved 1048576K
}
Event: 3215.509 GC heap before
{Heap before GC invocations=38 (full 0):
 garbage-first heap   total 356352K, used 315215K [0x0000000700000000, 0x0000000800000000)
  region size 2048K, 63 young (129024K), 3 survivors (6144K)
 Metaspace       used 106956K, committed 109760K, reserved 1179648K
  class space    used 14928K, committed 16320K, reserved 1048576K
}
Event: 3215.592 GC heap after
{Heap after GC invocations=39 (full 0):
 garbage-first heap   total 356352K, used 193016K [0x0000000700000000, 0x0000000800000000)
  region size 2048K, 4 young (8192K), 4 survivors (8192K)
 Metaspace       used 106956K, committed 109760K, reserved 1179648K
  class space    used 14928K, committed 16320K, reserved 1048576K
}
Event: 4840.660 GC heap before
{Heap before GC invocations=39 (full 0):
 garbage-first heap   total 356352K, used 324088K [0x0000000700000000, 0x0000000800000000)
  region size 2048K, 69 young (141312K), 4 survivors (8192K)
 Metaspace       used 107631K, committed 110464K, reserved 1179648K
  class space    used 15001K, committed 16384K, reserved 1048576K
}
Event: 4840.701 GC heap after
{Heap after GC invocations=40 (full 0):
 garbage-first heap   total 356352K, used 202613K [0x0000000700000000, 0x0000000800000000)
  region size 2048K, 9 young (18432K), 9 survivors (18432K)
 Metaspace       used 107631K, committed 110464K, reserved 1179648K
  class space    used 15001K, committed 16384K, reserved 1048576K
}
Event: 4842.461 GC heap before
{Heap before GC invocations=40 (full 0):
 garbage-first heap   total 356352K, used 315253K [0x0000000700000000, 0x0000000800000000)
  region size 2048K, 64 young (131072K), 9 survivors (18432K)
 Metaspace       used 108296K, committed 111168K, reserved 1179648K
  class space    used 15074K, committed 16448K, reserved 1048576K
}
Event: 4842.495 GC heap after
{Heap after GC invocations=41 (full 0):
 garbage-first heap   total 356352K, used 215943K [0x0000000700000000, 0x0000000800000000)
  region size 2048K, 7 young (14336K), 7 survivors (14336K)
 Metaspace       used 108296K, committed 111168K, reserved 1179648K
  class space    used 15074K, committed 16448K, reserved 1048576K
}

