# JRE version: Java(TM) SE Runtime Environment (21.0.8+12) (build 21.0.8+12-LTS-250)
# Java VM: Java HotSpot(TM) 64-Bit Server VM (21.0.8+12-LTS-250, mixed mode, sharing, tiered, compressed oops, compressed class ptrs, g1 gc, windows-amd64)
GC Precious Log:
 CardTable entry size: 512
 Card Set container configuration: InlinePtr #cards 4 size 8 Array Of Cards #cards 16 size 48 Howl #buckets 8 coarsen threshold 3686 Howl Bitmap #cards 512 size 80 coarsen threshold 460 Card regions per heap region 1 cards per card region 4096
 CPUs: 12 total, 12 available
 Memory: 16027M
 Large Page Support: Disabled
 NUMA Support: Disabled
 Compressed Oops: Enabled (Zero based)
 Heap Region Size: 2M
 Heap Min Capacity: 8M
 Heap Initial Capacity: 252M
 Heap Max Capacity: 4G
 Pre-touch: Disabled
 Parallel Workers: 10
 Concurrent Workers: 3
 Concurrent Refinement Workers: 10
 Periodic GC: Disabled
Heap:
 garbage-first heap   total 126976K, used 76703K [0x0000000700000000, 0x0000000800000000)
  region size 2048K, 5 young (10240K), 3 survivors (6144K)
 Metaspace       used 68335K, committed 70400K, reserved 1114112K
  class space    used 9591K, committed 10624K, reserved 1048576K
GC Heap History (20 events):
Event: 8.734 GC heap before
{Heap before GC invocations=7 (full 0):
 garbage-first heap   total 110592K, used 88469K [0x0000000700000000, 0x0000000800000000)
  region size 2048K, 32 young (65536K), 4 survivors (8192K)
 Metaspace       used 38266K, committed 39616K, reserved 1114112K
  class space    used 5346K, committed 6016K, reserved 1048576K
}
Event: 8.740 GC heap after
{Heap after GC invocations=8 (full 0):
 garbage-first heap   total 110592K, used 34115K [0x0000000700000000, 0x0000000800000000)
  region size 2048K, 4 young (8192K), 4 survivors (8192K)
 Metaspace       used 38266K, committed 39616K, reserved 1114112K
  class space    used 5346K, committed 6016K, reserved 1048576K
}
Event: 11.347 GC heap before
{Heap before GC invocations=8 (full 0):
 garbage-first heap   total 110592K, used 89411K [0x0000000700000000, 0x0000000800000000)
  region size 2048K, 32 young (65536K), 4 survivors (8192K)
 Metaspace       used 43572K, committed 45120K, reserved 1114112K
  class space    used 6140K, committed 6912K, reserved 1048576K
}
Event: 11.357 GC heap after
{Heap after GC invocations=9 (full 0):
 garbage-first heap   total 110592K, used 37071K [0x0000000700000000, 0x0000000800000000)
  region size 2048K, 2 young (4096K), 2 survivors (4096K)
 Metaspace       used 43572K, committed 45120K, reserved 1114112K
  class space    used 6140K, committed 6912K, reserved 1048576K
}
Event: 16.587 GC heap before
{Heap before GC invocations=9 (full 0):
 garbage-first heap   total 110592K, used 94415K [0x0000000700000000, 0x0000000800000000)
  region size 2048K, 30 young (61440K), 2 survivors (4096K)
 Metaspace       used 49616K, committed 51456K, reserved 1114112K
  class space    used 7127K, committed 8064K, reserved 1048576K
}
Event: 16.596 GC heap after
{Heap after GC invocations=10 (full 0):
 garbage-first heap   total 110592K, used 39357K [0x0000000700000000, 0x0000000800000000)
  region size 2048K, 3 young (6144K), 3 survivors (6144K)
 Metaspace       used 49616K, committed 51456K, reserved 1114112K
  class space    used 7127K, committed 8064K, reserved 1048576K
}
Event: 19.885 GC heap before
{Heap before GC invocations=10 (full 0):
 garbage-first heap   total 110592K, used 94653K [0x0000000700000000, 0x0000000800000000)
  region size 2048K, 30 young (61440K), 3 survivors (6144K)
 Metaspace       used 55770K, committed 57600K, reserved 1114112K
  class space    used 7934K, committed 8832K, reserved 1048576K
}
Event: 19.892 GC heap after
{Heap after GC invocations=11 (full 0):
 garbage-first heap   total 110592K, used 41715K [0x0000000700000000, 0x0000000800000000)
  region size 2048K, 3 young (6144K), 3 survivors (6144K)
 Metaspace       used 55770K, committed 57600K, reserved 1114112K
  class space    used 7934K, committed 8832K, reserved 1048576K
}
Event: 21.693 GC heap before
{Heap before GC invocations=11 (full 0):
 garbage-first heap   total 110592K, used 68339K [0x0000000700000000, 0x0000000800000000)
  region size 2048K, 17 young (34816K), 3 survivors (6144K)
 Metaspace       used 58275K, committed 60096K, reserved 1114112K
  class space    used 8375K, committed 9280K, reserved 1048576K
}
Event: 21.700 GC heap after
{Heap after GC invocations=12 (full 0):
 garbage-first heap   total 110592K, used 43974K [0x0000000700000000, 0x0000000800000000)
  region size 2048K, 3 young (6144K), 3 survivors (6144K)
 Metaspace       used 58275K, committed 60096K, reserved 1114112K
  class space    used 8375K, committed 9280K, reserved 1048576K
}
Event: 26.197 GC heap before
{Heap before GC invocations=13 (full 0):
 garbage-first heap   total 110592K, used 97222K [0x0000000700000000, 0x0000000800000000)
  region size 2048K, 27 young (55296K), 3 survivors (6144K)
 Metaspace       used 60106K, committed 62016K, reserved 1114112K
  class space    used 8629K, committed 9600K, reserved 1048576K
}
Event: 26.211 GC heap after
{Heap after GC invocations=14 (full 0):
 garbage-first heap   total 118784K, used 61659K [0x0000000700000000, 0x0000000800000000)
  region size 2048K, 4 young (8192K), 4 survivors (8192K)
 Metaspace       used 60106K, committed 62016K, reserved 1114112K
  class space    used 8629K, committed 9600K, reserved 1048576K
}
Event: 27.326 GC heap before
{Heap before GC invocations=14 (full 0):
 garbage-first heap   total 118784K, used 73947K [0x0000000700000000, 0x0000000800000000)
  region size 2048K, 11 young (22528K), 4 survivors (8192K)
 Metaspace       used 60659K, committed 62592K, reserved 1114112K
  class space    used 8702K, committed 9664K, reserved 1048576K
}
Event: 27.334 GC heap after
{Heap after GC invocations=15 (full 0):
 garbage-first heap   total 118784K, used 64496K [0x0000000700000000, 0x0000000800000000)
  region size 2048K, 2 young (4096K), 2 survivors (4096K)
 Metaspace       used 60659K, committed 62592K, reserved 1114112K
  class space    used 8702K, committed 9664K, reserved 1048576K
}
Event: 28.623 GC heap before
{Heap before GC invocations=16 (full 0):
 garbage-first heap   total 120832K, used 99312K [0x0000000700000000, 0x0000000800000000)
  region size 2048K, 19 young (38912K), 2 survivors (4096K)
 Metaspace       used 63132K, committed 65152K, reserved 1114112K
  class space    used 9011K, committed 9984K, reserved 1048576K
}
Event: 28.627 GC heap after
{Heap after GC invocations=17 (full 0):
 garbage-first heap   total 120832K, used 69972K [0x0000000700000000, 0x0000000800000000)
  region size 2048K, 3 young (6144K), 3 survivors (6144K)
 Metaspace       used 63132K, committed 65152K, reserved 1114112K
  class space    used 9011K, committed 9984K, reserved 1048576K
}
Event: 29.992 GC heap before
{Heap before GC invocations=17 (full 0):
 garbage-first heap   total 120832K, used 102740K [0x0000000700000000, 0x0000000800000000)
  region size 2048K, 19 young (38912K), 3 survivors (6144K)
 Metaspace       used 66081K, committed 68096K, reserved 1114112K
  class space    used 9313K, committed 10304K, reserved 1048576K
}
Event: 29.995 GC heap after
{Heap after GC invocations=18 (full 0):
 garbage-first heap   total 120832K, used 70949K [0x0000000700000000, 0x0000000800000000)
  region size 2048K, 1 young (2048K), 1 survivors (2048K)
 Metaspace       used 66081K, committed 68096K, reserved 1114112K
  class space    used 9313K, committed 10304K, reserved 1048576K
}
Event: 31.007 GC heap before
{Heap before GC invocations=19 (full 0):
 garbage-first heap   total 126976K, used 101669K [0x0000000700000000, 0x0000000800000000)
  region size 2048K, 17 young (34816K), 1 survivors (2048K)
 Metaspace       used 68088K, committed 70144K, reserved 1114112K
  class space    used 9571K, committed 10624K, reserved 1048576K
}
Event: 31.010 GC heap after
{Heap after GC invocations=20 (full 0):
 garbage-first heap   total 126976K, used 74655K [0x0000000700000000, 0x0000000800000000)
  region size 2048K, 3 young (6144K), 3 survivors (6144K)
 Metaspace       used 68088K, committed 70144K, reserved 1114112K
  class space    used 9571K, committed 10624K, reserved 1048576K
}

