# JRE version: Java(TM) SE Runtime Environment (21.0.8+12) (build 21.0.8+12-LTS-250)
# Java VM: Java HotSpot(TM) 64-Bit Server VM (21.0.8+12-LTS-250, mixed mode, sharing, tiered, compressed oops, compressed class ptrs, g1 gc, windows-amd64)
GC Precious Log:
 CardTable entry size: 512
 Card Set container configuration: InlinePtr #cards 4 size 8 Array Of Cards #cards 16 size 48 Howl #buckets 8 coarsen threshold 3686 Howl Bitmap #cards 512 size 80 coarsen threshold 460 Card regions per heap region 1 cards per card region 4096
 CPUs: 12 total, 12 available
 Memory: 16027M
 Large Page Support: Disabled
 NUMA Support: Disabled
 Compressed Oops: Enabled (Zero based)
 Heap Region Size: 2M
 Heap Min Capacity: 8M
 Heap Initial Capacity: 252M
 Heap Max Capacity: 4G
 Pre-touch: Disabled
 Parallel Workers: 10
 Concurrent Workers: 3
 Concurrent Refinement Workers: 10
 Periodic GC: Disabled
Heap:
 garbage-first heap   total 110592K, used 42099K [0x0000000700000000, 0x0000000800000000)
  region size 2048K, 5 young (10240K), 4 survivors (8192K)
 Metaspace       used 49151K, committed 50944K, reserved 1114112K
  class space    used 6990K, committed 7936K, reserved 1048576K
GC Heap History (14 events):
Event: 0.878 GC heap before
{Heap before GC invocations=0 (full 0):
 garbage-first heap   total 258048K, used 24576K [0x0000000700000000, 0x0000000800000000)
  region size 2048K, 11 young (22528K), 0 survivors (0K)
 Metaspace       used 2967K, committed 3072K, reserved 1114112K
  class space    used 366K, committed 448K, reserved 1048576K
}
Event: 0.883 GC heap after
{Heap after GC invocations=1 (full 0):
 garbage-first heap   total 258048K, used 10178K [0x0000000700000000, 0x0000000800000000)
  region size 2048K, 2 young (4096K), 2 survivors (4096K)
 Metaspace       used 2967K, committed 3072K, reserved 1114112K
  class space    used 366K, committed 448K, reserved 1048576K
}
Event: 1.582 GC heap before
{Heap before GC invocations=1 (full 0):
 garbage-first heap   total 258048K, used 38850K [0x0000000700000000, 0x0000000800000000)
  region size 2048K, 16 young (32768K), 2 survivors (4096K)
 Metaspace       used 4131K, committed 4288K, reserved 1114112K
  class space    used 498K, committed 576K, reserved 1048576K
}
Event: 1.585 GC heap after
{Heap after GC invocations=2 (full 0):
 garbage-first heap   total 258048K, used 11182K [0x0000000700000000, 0x0000000800000000)
  region size 2048K, 1 young (2048K), 1 survivors (2048K)
 Metaspace       used 4131K, committed 4288K, reserved 1114112K
  class space    used 498K, committed 576K, reserved 1048576K
}
Event: 4.397 GC heap before
{Heap before GC invocations=2 (full 0):
 garbage-first heap   total 258048K, used 117678K [0x0000000700000000, 0x0000000800000000)
  region size 2048K, 55 young (112640K), 1 survivors (2048K)
 Metaspace       used 20834K, committed 21504K, reserved 1114112K
  class space    used 2998K, committed 3328K, reserved 1048576K
}
Event: 4.408 GC heap after
{Heap after GC invocations=3 (full 0):
 garbage-first heap   total 258048K, used 22885K [0x0000000700000000, 0x0000000800000000)
  region size 2048K, 7 young (14336K), 7 survivors (14336K)
 Metaspace       used 20834K, committed 21504K, reserved 1114112K
  class space    used 2998K, committed 3328K, reserved 1048576K
}
Event: 6.245 GC heap before
{Heap before GC invocations=4 (full 0):
 garbage-first heap   total 96256K, used 92517K [0x0000000700000000, 0x0000000800000000)
  region size 2048K, 42 young (86016K), 7 survivors (14336K)
 Metaspace       used 29419K, committed 30592K, reserved 1114112K
  class space    used 4331K, committed 4928K, reserved 1048576K
}
Event: 6.252 GC heap after
{Heap after GC invocations=5 (full 0):
 garbage-first heap   total 114688K, used 28147K [0x0000000700000000, 0x0000000800000000)
  region size 2048K, 3 young (6144K), 3 survivors (6144K)
 Metaspace       used 29419K, committed 30592K, reserved 1114112K
  class space    used 4331K, committed 4928K, reserved 1048576K
}
Event: 6.787 GC heap before
{Heap before GC invocations=5 (full 0):
 garbage-first heap   total 114688K, used 52723K [0x0000000700000000, 0x0000000800000000)
  region size 2048K, 16 young (32768K), 3 survivors (6144K)
 Metaspace       used 34812K, committed 36096K, reserved 1114112K
  class space    used 4960K, committed 5632K, reserved 1048576K
}
Event: 6.792 GC heap after
{Heap after GC invocations=6 (full 0):
 garbage-first heap   total 114688K, used 30327K [0x0000000700000000, 0x0000000800000000)
  region size 2048K, 4 young (8192K), 4 survivors (8192K)
 Metaspace       used 34812K, committed 36096K, reserved 1114112K
  class space    used 4960K, committed 5632K, reserved 1048576K
}
Event: 7.978 GC heap before
{Heap before GC invocations=7 (full 0):
 garbage-first heap   total 110592K, used 91767K [0x0000000700000000, 0x0000000800000000)
  region size 2048K, 32 young (65536K), 4 survivors (8192K)
 Metaspace       used 39029K, committed 40384K, reserved 1114112K
  class space    used 5391K, committed 6080K, reserved 1048576K
}
Event: 7.985 GC heap after
{Heap after GC invocations=8 (full 0):
 garbage-first heap   total 110592K, used 36217K [0x0000000700000000, 0x0000000800000000)
  region size 2048K, 4 young (8192K), 4 survivors (8192K)
 Metaspace       used 39029K, committed 40384K, reserved 1114112K
  class space    used 5391K, committed 6080K, reserved 1048576K
}
Event: 9.155 GC heap before
{Heap before GC invocations=8 (full 0):
 garbage-first heap   total 110592K, used 91513K [0x0000000700000000, 0x0000000800000000)
  region size 2048K, 32 young (65536K), 4 survivors (8192K)
 Metaspace       used 43777K, committed 45312K, reserved 1114112K
  class space    used 6073K, committed 6848K, reserved 1048576K
}
Event: 9.162 GC heap after
{Heap after GC invocations=9 (full 0):
 garbage-first heap   total 110592K, used 39668K [0x0000000700000000, 0x0000000800000000)
  region size 2048K, 2 young (4096K), 2 survivors (4096K)
 Metaspace       used 43777K, committed 45312K, reserved 1114112K
  class space    used 6073K, committed 6848K, reserved 1048576K
}

