# JRE version: Java(TM) SE Runtime Environment (21.0.8+12) (build 21.0.8+12-LTS-250)
# Java VM: Java HotSpot(TM) 64-Bit Server VM (21.0.8+12-LTS-250, mixed mode, sharing, tiered, compressed oops, compressed class ptrs, g1 gc, windows-amd64)
GC Precious Log:
 CardTable entry size: 512
 Card Set container configuration: InlinePtr #cards 4 size 8 Array Of Cards #cards 16 size 48 Howl #buckets 8 coarsen threshold 3686 Howl Bitmap #cards 512 size 80 coarsen threshold 460 Card regions per heap region 1 cards per card region 4096
 CPUs: 12 total, 12 available
 Memory: 16027M
 Large Page Support: Disabled
 NUMA Support: Disabled
 Compressed Oops: Enabled (Zero based)
 Heap Region Size: 2M
 Heap Min Capacity: 8M
 Heap Initial Capacity: 252M
 Heap Max Capacity: 4G
 Pre-touch: Disabled
 Parallel Workers: 10
 Concurrent Workers: 3
 Concurrent Refinement Workers: 10
 Periodic GC: Disabled
Heap:
 garbage-first heap   total 192512K, used 143087K [0x0000000700000000, 0x0000000800000000)
  region size 2048K, 25 young (51200K), 4 survivors (8192K)
 Metaspace       used 79359K, committed 81472K, reserved 1179648K
  class space    used 10978K, committed 12032K, reserved 1048576K
GC Heap History (20 events):
Event: 20.823 GC heap before
{Heap before GC invocations=9 (full 0):
 garbage-first heap   total 124928K, used 101993K [0x0000000700000000, 0x0000000800000000)
  region size 2048K, 36 young (73728K), 4 survivors (8192K)
 Metaspace       used 47850K, committed 49600K, reserved 1114112K
  class space    used 6901K, committed 7744K, reserved 1048576K
}
Event: 20.855 GC heap after
{Heap after GC invocations=10 (full 0):
 garbage-first heap   total 124928K, used 39322K [0x0000000700000000, 0x0000000800000000)
  region size 2048K, 4 young (8192K), 4 survivors (8192K)
 Metaspace       used 47850K, committed 49600K, reserved 1114112K
  class space    used 6901K, committed 7744K, reserved 1048576K
}
Event: 23.338 GC heap before
{Heap before GC invocations=10 (full 0):
 garbage-first heap   total 124928K, used 104858K [0x0000000700000000, 0x0000000800000000)
  region size 2048K, 36 young (73728K), 4 survivors (8192K)
 Metaspace       used 55399K, committed 57216K, reserved 1114112K
  class space    used 7900K, committed 8832K, reserved 1048576K
}
Event: 23.359 GC heap after
{Heap after GC invocations=11 (full 0):
 garbage-first heap   total 151552K, used 42097K [0x0000000700000000, 0x0000000800000000)
  region size 2048K, 3 young (6144K), 3 survivors (6144K)
 Metaspace       used 55399K, committed 57216K, reserved 1114112K
  class space    used 7900K, committed 8832K, reserved 1048576K
}
Event: 25.590 GC heap before
{Heap before GC invocations=11 (full 0):
 garbage-first heap   total 151552K, used 76913K [0x0000000700000000, 0x0000000800000000)
  region size 2048K, 21 young (43008K), 3 survivors (6144K)
 Metaspace       used 58799K, committed 60608K, reserved 1114112K
  class space    used 8469K, committed 9408K, reserved 1048576K
}
Event: 25.612 GC heap after
{Heap after GC invocations=12 (full 0):
 garbage-first heap   total 151552K, used 45313K [0x0000000700000000, 0x0000000800000000)
  region size 2048K, 5 young (10240K), 5 survivors (10240K)
 Metaspace       used 58799K, committed 60608K, reserved 1114112K
  class space    used 8469K, committed 9408K, reserved 1048576K
}
Event: 28.792 GC heap before
{Heap before GC invocations=13 (full 0):
 garbage-first heap   total 151552K, used 131329K [0x0000000700000000, 0x0000000800000000)
  region size 2048K, 44 young (90112K), 5 survivors (10240K)
 Metaspace       used 62008K, committed 63936K, reserved 1114112K
  class space    used 8845K, committed 9792K, reserved 1048576K
}
Event: 28.817 GC heap after
{Heap after GC invocations=14 (full 0):
 garbage-first heap   total 159744K, used 69154K [0x0000000700000000, 0x0000000800000000)
  region size 2048K, 6 young (12288K), 6 survivors (12288K)
 Metaspace       used 62008K, committed 63936K, reserved 1114112K
  class space    used 8845K, committed 9792K, reserved 1048576K
}
Event: 30.820 GC heap before
{Heap before GC invocations=14 (full 0):
 garbage-first heap   total 159744K, used 132642K [0x0000000700000000, 0x0000000800000000)
  region size 2048K, 38 young (77824K), 6 survivors (12288K)
 Metaspace       used 66937K, committed 68864K, reserved 1114112K
  class space    used 9398K, committed 10368K, reserved 1048576K
}
Event: 30.875 GC heap after
{Heap after GC invocations=15 (full 0):
 garbage-first heap   total 159744K, used 74659K [0x0000000700000000, 0x0000000800000000)
  region size 2048K, 3 young (6144K), 3 survivors (6144K)
 Metaspace       used 66937K, committed 68864K, reserved 1114112K
  class space    used 9398K, committed 10368K, reserved 1048576K
}
Event: 33.554 GC heap before
{Heap before GC invocations=15 (full 0):
 garbage-first heap   total 159744K, used 136099K [0x0000000700000000, 0x0000000800000000)
  region size 2048K, 33 young (67584K), 3 survivors (6144K)
 Metaspace       used 72400K, committed 74432K, reserved 1114112K
  class space    used 10072K, committed 11072K, reserved 1048576K
}
Event: 33.568 GC heap after
{Heap after GC invocations=16 (full 0):
 garbage-first heap   total 159744K, used 77929K [0x0000000700000000, 0x0000000800000000)
  region size 2048K, 5 young (10240K), 5 survivors (10240K)
 Metaspace       used 72400K, committed 74432K, reserved 1114112K
  class space    used 10072K, committed 11072K, reserved 1048576K
}
Event: 34.039 GC heap before
{Heap before GC invocations=16 (full 0):
 garbage-first heap   total 159744K, used 86121K [0x0000000700000000, 0x0000000800000000)
  region size 2048K, 10 young (20480K), 5 survivors (10240K)
 Metaspace       used 73167K, committed 75136K, reserved 1114112K
  class space    used 10201K, committed 11200K, reserved 1048576K
}
Event: 34.050 GC heap after
{Heap after GC invocations=17 (full 0):
 garbage-first heap   total 159744K, used 78582K [0x0000000700000000, 0x0000000800000000)
  region size 2048K, 2 young (4096K), 2 survivors (4096K)
 Metaspace       used 73167K, committed 75136K, reserved 1114112K
  class space    used 10201K, committed 11200K, reserved 1048576K
}
Event: 36.484 GC heap before
{Heap before GC invocations=18 (full 0):
 garbage-first heap   total 159744K, used 144118K [0x0000000700000000, 0x0000000800000000)
  region size 2048K, 32 young (65536K), 2 survivors (4096K)
 Metaspace       used 76670K, committed 78784K, reserved 1179648K
  class space    used 10659K, committed 11712K, reserved 1048576K
}
Event: 36.508 GC heap after
{Heap after GC invocations=19 (full 0):
 garbage-first heap   total 159744K, used 86667K [0x0000000700000000, 0x0000000800000000)
  region size 2048K, 4 young (8192K), 4 survivors (8192K)
 Metaspace       used 76670K, committed 78784K, reserved 1179648K
  class space    used 10659K, committed 11712K, reserved 1048576K
}
Event: 38.350 GC heap before
{Heap before GC invocations=19 (full 0):
 garbage-first heap   total 159744K, used 139915K [0x0000000700000000, 0x0000000800000000)
  region size 2048K, 30 young (61440K), 4 survivors (8192K)
 Metaspace       used 77551K, committed 79616K, reserved 1179648K
  class space    used 10744K, committed 11776K, reserved 1048576K
}
Event: 38.376 GC heap after
{Heap after GC invocations=20 (full 0):
 garbage-first heap   total 159744K, used 90767K [0x0000000700000000, 0x0000000800000000)
  region size 2048K, 3 young (6144K), 3 survivors (6144K)
 Metaspace       used 77551K, committed 79616K, reserved 1179648K
  class space    used 10744K, committed 11776K, reserved 1048576K
}
Event: 38.535 GC heap before
{Heap before GC invocations=20 (full 0):
 garbage-first heap   total 159744K, used 94863K [0x0000000700000000, 0x0000000800000000)
  region size 2048K, 7 young (14336K), 3 survivors (6144K)
 Metaspace       used 77551K, committed 79616K, reserved 1179648K
  class space    used 10744K, committed 11776K, reserved 1048576K
}
Event: 38.546 GC heap after
{Heap after GC invocations=21 (full 0):
 garbage-first heap   total 192512K, used 95983K [0x0000000700000000, 0x0000000800000000)
  region size 2048K, 4 young (8192K), 4 survivors (8192K)
 Metaspace       used 77551K, committed 79616K, reserved 1179648K
  class space    used 10744K, committed 11776K, reserved 1048576K
}

